<?xml version="1.0" encoding="UTF-8"?>
<testsuite xmlns:xsi="http://www.w3.org/2001/XMLSchema-instance" xsi:noNamespaceSchemaLocation="https://maven.apache.org/surefire/maven-surefire-plugin/xsd/surefire-test-report.xsd" name="com.hyf.demo.DemoApplicationTests" time="4.563" tests="2" errors="1" skipped="0" failures="0">
  <properties>
    <property name="sun.desktop" value="windows"/>
    <property name="awt.toolkit" value="sun.awt.windows.WToolkit"/>
    <property name="file.encoding.pkg" value="sun.io"/>
    <property name="java.specification.version" value="1.8"/>
    <property name="sun.cpu.isalist" value="amd64"/>
    <property name="sun.jnu.encoding" value="GBK"/>
    <property name="java.class.path" value="F:\test\demo\target\test-classes;F:\test\demo\target\classes;D:\environment\maven\maven-repository\org\springframework\boot\spring-boot-starter-web\2.7.13\spring-boot-starter-web-2.7.13.jar;D:\environment\maven\maven-repository\org\springframework\boot\spring-boot-starter\2.7.13\spring-boot-starter-2.7.13.jar;D:\environment\maven\maven-repository\org\springframework\boot\spring-boot\2.7.13\spring-boot-2.7.13.jar;D:\environment\maven\maven-repository\org\springframework\boot\spring-boot-starter-logging\2.7.13\spring-boot-starter-logging-2.7.13.jar;D:\environment\maven\maven-repository\ch\qos\logback\logback-classic\1.2.12\logback-classic-1.2.12.jar;D:\environment\maven\maven-repository\ch\qos\logback\logback-core\1.2.12\logback-core-1.2.12.jar;D:\environment\maven\maven-repository\org\apache\logging\log4j\log4j-to-slf4j\2.17.2\log4j-to-slf4j-2.17.2.jar;D:\environment\maven\maven-repository\org\apache\logging\log4j\log4j-api\2.17.2\log4j-api-2.17.2.jar;D:\environment\maven\maven-repository\org\slf4j\jul-to-slf4j\1.7.36\jul-to-slf4j-1.7.36.jar;D:\environment\maven\maven-repository\jakarta\annotation\jakarta.annotation-api\1.3.5\jakarta.annotation-api-1.3.5.jar;D:\environment\maven\maven-repository\org\yaml\snakeyaml\1.30\snakeyaml-1.30.jar;D:\environment\maven\maven-repository\org\springframework\boot\spring-boot-starter-json\2.7.13\spring-boot-starter-json-2.7.13.jar;D:\environment\maven\maven-repository\com\fasterxml\jackson\core\jackson-databind\2.13.5\jackson-databind-2.13.5.jar;D:\environment\maven\maven-repository\com\fasterxml\jackson\core\jackson-core\2.13.5\jackson-core-2.13.5.jar;D:\environment\maven\maven-repository\com\fasterxml\jackson\datatype\jackson-datatype-jdk8\2.13.5\jackson-datatype-jdk8-2.13.5.jar;D:\environment\maven\maven-repository\com\fasterxml\jackson\datatype\jackson-datatype-jsr310\2.13.5\jackson-datatype-jsr310-2.13.5.jar;D:\environment\maven\maven-repository\com\fasterxml\jackson\module\jackson-module-parameter-names\2.13.5\jackson-module-parameter-names-2.13.5.jar;D:\environment\maven\maven-repository\org\springframework\boot\spring-boot-starter-tomcat\2.7.13\spring-boot-starter-tomcat-2.7.13.jar;D:\environment\maven\maven-repository\org\apache\tomcat\embed\tomcat-embed-core\9.0.76\tomcat-embed-core-9.0.76.jar;D:\environment\maven\maven-repository\org\apache\tomcat\embed\tomcat-embed-websocket\9.0.76\tomcat-embed-websocket-9.0.76.jar;D:\environment\maven\maven-repository\org\springframework\spring-web\5.3.28\spring-web-5.3.28.jar;D:\environment\maven\maven-repository\org\springframework\spring-beans\5.3.28\spring-beans-5.3.28.jar;D:\environment\maven\maven-repository\org\springframework\spring-webmvc\5.3.28\spring-webmvc-5.3.28.jar;D:\environment\maven\maven-repository\org\springframework\spring-context\5.3.28\spring-context-5.3.28.jar;D:\environment\maven\maven-repository\org\springframework\spring-expression\5.3.28\spring-expression-5.3.28.jar;D:\environment\maven\maven-repository\org\springframework\boot\spring-boot-starter-test\2.7.13\spring-boot-starter-test-2.7.13.jar;D:\environment\maven\maven-repository\org\springframework\boot\spring-boot-test\2.7.13\spring-boot-test-2.7.13.jar;D:\environment\maven\maven-repository\org\springframework\boot\spring-boot-test-autoconfigure\2.7.13\spring-boot-test-autoconfigure-2.7.13.jar;D:\environment\maven\maven-repository\com\jayway\jsonpath\json-path\2.7.0\json-path-2.7.0.jar;D:\environment\maven\maven-repository\net\minidev\json-smart\2.4.11\json-smart-2.4.11.jar;D:\environment\maven\maven-repository\net\minidev\accessors-smart\2.4.11\accessors-smart-2.4.11.jar;D:\environment\maven\maven-repository\org\ow2\asm\asm\9.3\asm-9.3.jar;D:\environment\maven\maven-repository\jakarta\xml\bind\jakarta.xml.bind-api\2.3.3\jakarta.xml.bind-api-2.3.3.jar;D:\environment\maven\maven-repository\jakarta\activation\jakarta.activation-api\1.2.2\jakarta.activation-api-1.2.2.jar;D:\environment\maven\maven-repository\org\assertj\assertj-core\3.22.0\assertj-core-3.22.0.jar;D:\environment\maven\maven-repository\org\hamcrest\hamcrest\2.2\hamcrest-2.2.jar;D:\environment\maven\maven-repository\org\junit\jupiter\junit-jupiter\5.8.2\junit-jupiter-5.8.2.jar;D:\environment\maven\maven-repository\org\junit\jupiter\junit-jupiter-api\5.8.2\junit-jupiter-api-5.8.2.jar;D:\environment\maven\maven-repository\org\opentest4j\opentest4j\1.2.0\opentest4j-1.2.0.jar;D:\environment\maven\maven-repository\org\junit\platform\junit-platform-commons\1.8.2\junit-platform-commons-1.8.2.jar;D:\environment\maven\maven-repository\org\apiguardian\apiguardian-api\1.1.2\apiguardian-api-1.1.2.jar;D:\environment\maven\maven-repository\org\junit\jupiter\junit-jupiter-params\5.8.2\junit-jupiter-params-5.8.2.jar;D:\environment\maven\maven-repository\org\junit\jupiter\junit-jupiter-engine\5.8.2\junit-jupiter-engine-5.8.2.jar;D:\environment\maven\maven-repository\org\junit\platform\junit-platform-engine\1.8.2\junit-platform-engine-1.8.2.jar;D:\environment\maven\maven-repository\org\mockito\mockito-core\4.5.1\mockito-core-4.5.1.jar;D:\environment\maven\maven-repository\net\bytebuddy\byte-buddy\1.12.23\byte-buddy-1.12.23.jar;D:\environment\maven\maven-repository\net\bytebuddy\byte-buddy-agent\1.12.23\byte-buddy-agent-1.12.23.jar;D:\environment\maven\maven-repository\org\objenesis\objenesis\3.2\objenesis-3.2.jar;D:\environment\maven\maven-repository\org\mockito\mockito-junit-jupiter\4.5.1\mockito-junit-jupiter-4.5.1.jar;D:\environment\maven\maven-repository\org\skyscreamer\jsonassert\1.5.1\jsonassert-1.5.1.jar;D:\environment\maven\maven-repository\com\vaadin\external\google\android-json\0.0.20131108.vaadin1\android-json-0.0.20131108.vaadin1.jar;D:\environment\maven\maven-repository\org\springframework\spring-core\5.3.28\spring-core-5.3.28.jar;D:\environment\maven\maven-repository\org\springframework\spring-jcl\5.3.28\spring-jcl-5.3.28.jar;D:\environment\maven\maven-repository\org\springframework\spring-test\5.3.28\spring-test-5.3.28.jar;D:\environment\maven\maven-repository\org\xmlunit\xmlunit-core\2.9.1\xmlunit-core-2.9.1.jar;D:\environment\maven\maven-repository\mysql\mysql-connector-java\8.0.23\mysql-connector-java-8.0.23.jar;D:\environment\maven\maven-repository\com\google\protobuf\protobuf-java\3.11.4\protobuf-java-3.11.4.jar;D:\environment\maven\maven-repository\com\baomidou\mybatis-plus-boot-starter\3.5.2\mybatis-plus-boot-starter-3.5.2.jar;D:\environment\maven\maven-repository\com\baomidou\mybatis-plus\3.5.2\mybatis-plus-3.5.2.jar;D:\environment\maven\maven-repository\com\baomidou\mybatis-plus-extension\3.5.2\mybatis-plus-extension-3.5.2.jar;D:\environment\maven\maven-repository\com\baomidou\mybatis-plus-core\3.5.2\mybatis-plus-core-3.5.2.jar;D:\environment\maven\maven-repository\com\baomidou\mybatis-plus-annotation\3.5.2\mybatis-plus-annotation-3.5.2.jar;D:\environment\maven\maven-repository\com\github\jsqlparser\jsqlparser\4.4\jsqlparser-4.4.jar;D:\environment\maven\maven-repository\org\mybatis\mybatis\3.5.10\mybatis-3.5.10.jar;D:\environment\maven\maven-repository\org\mybatis\mybatis-spring\2.0.7\mybatis-spring-2.0.7.jar;D:\environment\maven\maven-repository\org\jetbrains\kotlin\kotlin-stdlib-jdk8\1.6.21\kotlin-stdlib-jdk8-1.6.21.jar;D:\environment\maven\maven-repository\org\jetbrains\kotlin\kotlin-stdlib\1.6.21\kotlin-stdlib-1.6.21.jar;D:\environment\maven\maven-repository\org\jetbrains\kotlin\kotlin-stdlib-common\1.6.21\kotlin-stdlib-common-1.6.21.jar;D:\environment\maven\maven-repository\org\jetbrains\annotations\13.0\annotations-13.0.jar;D:\environment\maven\maven-repository\org\jetbrains\kotlin\kotlin-stdlib-jdk7\1.6.21\kotlin-stdlib-jdk7-1.6.21.jar;D:\environment\maven\maven-repository\org\springframework\boot\spring-boot-autoconfigure\2.7.13\spring-boot-autoconfigure-2.7.13.jar;D:\environment\maven\maven-repository\org\springframework\boot\spring-boot-starter-jdbc\2.7.13\spring-boot-starter-jdbc-2.7.13.jar;D:\environment\maven\maven-repository\com\zaxxer\HikariCP\4.0.3\HikariCP-4.0.3.jar;D:\environment\maven\maven-repository\org\springframework\spring-jdbc\5.3.28\spring-jdbc-5.3.28.jar;D:\environment\maven\maven-repository\org\springframework\spring-tx\5.3.28\spring-tx-5.3.28.jar;D:\environment\maven\maven-repository\cn\hutool\hutool-all\5.8.12\hutool-all-5.8.12.jar;D:\environment\maven\maven-repository\org\projectlombok\lombok\1.18.28\lombok-1.18.28.jar;D:\environment\maven\maven-repository\org\springframework\boot\spring-boot-starter-validation\2.7.13\spring-boot-starter-validation-2.7.13.jar;D:\environment\maven\maven-repository\org\apache\tomcat\embed\tomcat-embed-el\9.0.76\tomcat-embed-el-9.0.76.jar;D:\environment\maven\maven-repository\org\hibernate\validator\hibernate-validator\6.2.5.Final\hibernate-validator-6.2.5.Final.jar;D:\environment\maven\maven-repository\jakarta\validation\jakarta.validation-api\2.0.2\jakarta.validation-api-2.0.2.jar;D:\environment\maven\maven-repository\org\jboss\logging\jboss-logging\3.4.3.Final\jboss-logging-3.4.3.Final.jar;D:\environment\maven\maven-repository\org\springframework\boot\spring-boot-starter-aop\2.7.13\spring-boot-starter-aop-2.7.13.jar;D:\environment\maven\maven-repository\org\springframework\spring-aop\5.3.28\spring-aop-5.3.28.jar;D:\environment\maven\maven-repository\org\aspectj\aspectjweaver\1.9.7\aspectjweaver-1.9.7.jar;D:\environment\maven\maven-repository\io\springfox\springfox-swagger2\2.9.2\springfox-swagger2-2.9.2.jar;D:\environment\maven\maven-repository\io\swagger\swagger-annotations\1.5.20\swagger-annotations-1.5.20.jar;D:\environment\maven\maven-repository\io\swagger\swagger-models\1.5.20\swagger-models-1.5.20.jar;D:\environment\maven\maven-repository\com\fasterxml\jackson\core\jackson-annotations\2.13.5\jackson-annotations-2.13.5.jar;D:\environment\maven\maven-repository\io\springfox\springfox-spi\2.9.2\springfox-spi-2.9.2.jar;D:\environment\maven\maven-repository\io\springfox\springfox-core\2.9.2\springfox-core-2.9.2.jar;D:\environment\maven\maven-repository\io\springfox\springfox-schema\2.9.2\springfox-schema-2.9.2.jar;D:\environment\maven\maven-repository\io\springfox\springfox-swagger-common\2.9.2\springfox-swagger-common-2.9.2.jar;D:\environment\maven\maven-repository\io\springfox\springfox-spring-web\2.9.2\springfox-spring-web-2.9.2.jar;D:\environment\maven\maven-repository\com\google\guava\guava\20.0\guava-20.0.jar;D:\environment\maven\maven-repository\com\fasterxml\classmate\1.5.1\classmate-1.5.1.jar;D:\environment\maven\maven-repository\org\slf4j\slf4j-api\1.7.36\slf4j-api-1.7.36.jar;D:\environment\maven\maven-repository\org\springframework\plugin\spring-plugin-core\1.2.0.RELEASE\spring-plugin-core-1.2.0.RELEASE.jar;D:\environment\maven\maven-repository\org\springframework\plugin\spring-plugin-metadata\1.2.0.RELEASE\spring-plugin-metadata-1.2.0.RELEASE.jar;D:\environment\maven\maven-repository\org\mapstruct\mapstruct\1.2.0.Final\mapstruct-1.2.0.Final.jar;D:\environment\maven\maven-repository\io\springfox\springfox-swagger-ui\2.9.2\springfox-swagger-ui-2.9.2.jar;D:\environment\maven\maven-repository\com\aliyun\oss\aliyun-sdk-oss\3.15.1\aliyun-sdk-oss-3.15.1.jar;D:\environment\maven\maven-repository\org\apache\httpcomponents\httpclient\4.5.14\httpclient-4.5.14.jar;D:\environment\maven\maven-repository\org\apache\httpcomponents\httpcore\4.4.16\httpcore-4.4.16.jar;D:\environment\maven\maven-repository\commons-codec\commons-codec\1.15\commons-codec-1.15.jar;D:\environment\maven\maven-repository\org\jdom\jdom2\2.0.6.1\jdom2-2.0.6.1.jar;D:\environment\maven\maven-repository\org\codehaus\jettison\jettison\1.1\jettison-1.1.jar;D:\environment\maven\maven-repository\stax\stax-api\1.0.1\stax-api-1.0.1.jar;D:\environment\maven\maven-repository\com\aliyun\aliyun-java-sdk-core\4.5.10\aliyun-java-sdk-core-4.5.10.jar;D:\environment\maven\maven-repository\com\google\code\gson\gson\2.9.1\gson-2.9.1.jar;D:\environment\maven\maven-repository\commons-logging\commons-logging\1.2\commons-logging-1.2.jar;D:\environment\maven\maven-repository\javax\xml\bind\jaxb-api\2.3.1\jaxb-api-2.3.1.jar;D:\environment\maven\maven-repository\javax\activation\javax.activation-api\1.2.0\javax.activation-api-1.2.0.jar;D:\environment\maven\maven-repository\org\jacoco\org.jacoco.agent\0.8.5\org.jacoco.agent-0.8.5-runtime.jar;D:\environment\maven\maven-repository\org\ini4j\ini4j\0.5.4\ini4j-0.5.4.jar;D:\environment\maven\maven-repository\io\opentracing\opentracing-api\0.33.0\opentracing-api-0.33.0.jar;D:\environment\maven\maven-repository\io\opentracing\opentracing-util\0.33.0\opentracing-util-0.33.0.jar;D:\environment\maven\maven-repository\io\opentracing\opentracing-noop\0.33.0\opentracing-noop-0.33.0.jar;D:\environment\maven\maven-repository\com\aliyun\aliyun-java-sdk-ram\3.1.0\aliyun-java-sdk-ram-3.1.0.jar;D:\environment\maven\maven-repository\com\aliyun\aliyun-java-sdk-kms\2.11.0\aliyun-java-sdk-kms-2.11.0.jar;D:\environment\maven\maven-repository\org\springframework\boot\spring-boot-configuration-processor\2.7.13\spring-boot-configuration-processor-2.7.13.jar;"/>
    <property name="java.vm.vendor" value="Oracle Corporation"/>
    <property name="sun.arch.data.model" value="64"/>
    <property name="user.variant" value=""/>
    <property name="java.vendor.url" value="http://java.oracle.com/"/>
    <property name="user.timezone" value="Asia/Shanghai"/>
    <property name="java.vm.specification.version" value="1.8"/>
    <property name="os.name" value="Windows 10"/>
    <property name="user.country" value="CN"/>
    <property name="sun.java.launcher" value="SUN_STANDARD"/>
    <property name="sun.boot.library.path" value="C:\Program Files\Java\jdk1.8.0_241\jre\bin"/>
    <property name="sun.java.command" value="C:\Users\胡杨烽\AppData\Local\Temp\surefire278052360461592199\surefirebooter6359624285375374190.jar C:\Users\胡杨烽\AppData\Local\Temp\surefire278052360461592199 2023-07-17T09-44-15_248-jvmRun1 surefire1384823056404294012tmp surefire_01313237843194482462tmp"/>
    <property name="surefire.test.class.path" value="F:\test\demo\target\test-classes;F:\test\demo\target\classes;D:\environment\maven\maven-repository\org\springframework\boot\spring-boot-starter-web\2.7.13\spring-boot-starter-web-2.7.13.jar;D:\environment\maven\maven-repository\org\springframework\boot\spring-boot-starter\2.7.13\spring-boot-starter-2.7.13.jar;D:\environment\maven\maven-repository\org\springframework\boot\spring-boot\2.7.13\spring-boot-2.7.13.jar;D:\environment\maven\maven-repository\org\springframework\boot\spring-boot-starter-logging\2.7.13\spring-boot-starter-logging-2.7.13.jar;D:\environment\maven\maven-repository\ch\qos\logback\logback-classic\1.2.12\logback-classic-1.2.12.jar;D:\environment\maven\maven-repository\ch\qos\logback\logback-core\1.2.12\logback-core-1.2.12.jar;D:\environment\maven\maven-repository\org\apache\logging\log4j\log4j-to-slf4j\2.17.2\log4j-to-slf4j-2.17.2.jar;D:\environment\maven\maven-repository\org\apache\logging\log4j\log4j-api\2.17.2\log4j-api-2.17.2.jar;D:\environment\maven\maven-repository\org\slf4j\jul-to-slf4j\1.7.36\jul-to-slf4j-1.7.36.jar;D:\environment\maven\maven-repository\jakarta\annotation\jakarta.annotation-api\1.3.5\jakarta.annotation-api-1.3.5.jar;D:\environment\maven\maven-repository\org\yaml\snakeyaml\1.30\snakeyaml-1.30.jar;D:\environment\maven\maven-repository\org\springframework\boot\spring-boot-starter-json\2.7.13\spring-boot-starter-json-2.7.13.jar;D:\environment\maven\maven-repository\com\fasterxml\jackson\core\jackson-databind\2.13.5\jackson-databind-2.13.5.jar;D:\environment\maven\maven-repository\com\fasterxml\jackson\core\jackson-core\2.13.5\jackson-core-2.13.5.jar;D:\environment\maven\maven-repository\com\fasterxml\jackson\datatype\jackson-datatype-jdk8\2.13.5\jackson-datatype-jdk8-2.13.5.jar;D:\environment\maven\maven-repository\com\fasterxml\jackson\datatype\jackson-datatype-jsr310\2.13.5\jackson-datatype-jsr310-2.13.5.jar;D:\environment\maven\maven-repository\com\fasterxml\jackson\module\jackson-module-parameter-names\2.13.5\jackson-module-parameter-names-2.13.5.jar;D:\environment\maven\maven-repository\org\springframework\boot\spring-boot-starter-tomcat\2.7.13\spring-boot-starter-tomcat-2.7.13.jar;D:\environment\maven\maven-repository\org\apache\tomcat\embed\tomcat-embed-core\9.0.76\tomcat-embed-core-9.0.76.jar;D:\environment\maven\maven-repository\org\apache\tomcat\embed\tomcat-embed-websocket\9.0.76\tomcat-embed-websocket-9.0.76.jar;D:\environment\maven\maven-repository\org\springframework\spring-web\5.3.28\spring-web-5.3.28.jar;D:\environment\maven\maven-repository\org\springframework\spring-beans\5.3.28\spring-beans-5.3.28.jar;D:\environment\maven\maven-repository\org\springframework\spring-webmvc\5.3.28\spring-webmvc-5.3.28.jar;D:\environment\maven\maven-repository\org\springframework\spring-context\5.3.28\spring-context-5.3.28.jar;D:\environment\maven\maven-repository\org\springframework\spring-expression\5.3.28\spring-expression-5.3.28.jar;D:\environment\maven\maven-repository\org\springframework\boot\spring-boot-starter-test\2.7.13\spring-boot-starter-test-2.7.13.jar;D:\environment\maven\maven-repository\org\springframework\boot\spring-boot-test\2.7.13\spring-boot-test-2.7.13.jar;D:\environment\maven\maven-repository\org\springframework\boot\spring-boot-test-autoconfigure\2.7.13\spring-boot-test-autoconfigure-2.7.13.jar;D:\environment\maven\maven-repository\com\jayway\jsonpath\json-path\2.7.0\json-path-2.7.0.jar;D:\environment\maven\maven-repository\net\minidev\json-smart\2.4.11\json-smart-2.4.11.jar;D:\environment\maven\maven-repository\net\minidev\accessors-smart\2.4.11\accessors-smart-2.4.11.jar;D:\environment\maven\maven-repository\org\ow2\asm\asm\9.3\asm-9.3.jar;D:\environment\maven\maven-repository\jakarta\xml\bind\jakarta.xml.bind-api\2.3.3\jakarta.xml.bind-api-2.3.3.jar;D:\environment\maven\maven-repository\jakarta\activation\jakarta.activation-api\1.2.2\jakarta.activation-api-1.2.2.jar;D:\environment\maven\maven-repository\org\assertj\assertj-core\3.22.0\assertj-core-3.22.0.jar;D:\environment\maven\maven-repository\org\hamcrest\hamcrest\2.2\hamcrest-2.2.jar;D:\environment\maven\maven-repository\org\junit\jupiter\junit-jupiter\5.8.2\junit-jupiter-5.8.2.jar;D:\environment\maven\maven-repository\org\junit\jupiter\junit-jupiter-api\5.8.2\junit-jupiter-api-5.8.2.jar;D:\environment\maven\maven-repository\org\opentest4j\opentest4j\1.2.0\opentest4j-1.2.0.jar;D:\environment\maven\maven-repository\org\junit\platform\junit-platform-commons\1.8.2\junit-platform-commons-1.8.2.jar;D:\environment\maven\maven-repository\org\apiguardian\apiguardian-api\1.1.2\apiguardian-api-1.1.2.jar;D:\environment\maven\maven-repository\org\junit\jupiter\junit-jupiter-params\5.8.2\junit-jupiter-params-5.8.2.jar;D:\environment\maven\maven-repository\org\junit\jupiter\junit-jupiter-engine\5.8.2\junit-jupiter-engine-5.8.2.jar;D:\environment\maven\maven-repository\org\junit\platform\junit-platform-engine\1.8.2\junit-platform-engine-1.8.2.jar;D:\environment\maven\maven-repository\org\mockito\mockito-core\4.5.1\mockito-core-4.5.1.jar;D:\environment\maven\maven-repository\net\bytebuddy\byte-buddy\1.12.23\byte-buddy-1.12.23.jar;D:\environment\maven\maven-repository\net\bytebuddy\byte-buddy-agent\1.12.23\byte-buddy-agent-1.12.23.jar;D:\environment\maven\maven-repository\org\objenesis\objenesis\3.2\objenesis-3.2.jar;D:\environment\maven\maven-repository\org\mockito\mockito-junit-jupiter\4.5.1\mockito-junit-jupiter-4.5.1.jar;D:\environment\maven\maven-repository\org\skyscreamer\jsonassert\1.5.1\jsonassert-1.5.1.jar;D:\environment\maven\maven-repository\com\vaadin\external\google\android-json\0.0.20131108.vaadin1\android-json-0.0.20131108.vaadin1.jar;D:\environment\maven\maven-repository\org\springframework\spring-core\5.3.28\spring-core-5.3.28.jar;D:\environment\maven\maven-repository\org\springframework\spring-jcl\5.3.28\spring-jcl-5.3.28.jar;D:\environment\maven\maven-repository\org\springframework\spring-test\5.3.28\spring-test-5.3.28.jar;D:\environment\maven\maven-repository\org\xmlunit\xmlunit-core\2.9.1\xmlunit-core-2.9.1.jar;D:\environment\maven\maven-repository\mysql\mysql-connector-java\8.0.23\mysql-connector-java-8.0.23.jar;D:\environment\maven\maven-repository\com\google\protobuf\protobuf-java\3.11.4\protobuf-java-3.11.4.jar;D:\environment\maven\maven-repository\com\baomidou\mybatis-plus-boot-starter\3.5.2\mybatis-plus-boot-starter-3.5.2.jar;D:\environment\maven\maven-repository\com\baomidou\mybatis-plus\3.5.2\mybatis-plus-3.5.2.jar;D:\environment\maven\maven-repository\com\baomidou\mybatis-plus-extension\3.5.2\mybatis-plus-extension-3.5.2.jar;D:\environment\maven\maven-repository\com\baomidou\mybatis-plus-core\3.5.2\mybatis-plus-core-3.5.2.jar;D:\environment\maven\maven-repository\com\baomidou\mybatis-plus-annotation\3.5.2\mybatis-plus-annotation-3.5.2.jar;D:\environment\maven\maven-repository\com\github\jsqlparser\jsqlparser\4.4\jsqlparser-4.4.jar;D:\environment\maven\maven-repository\org\mybatis\mybatis\3.5.10\mybatis-3.5.10.jar;D:\environment\maven\maven-repository\org\mybatis\mybatis-spring\2.0.7\mybatis-spring-2.0.7.jar;D:\environment\maven\maven-repository\org\jetbrains\kotlin\kotlin-stdlib-jdk8\1.6.21\kotlin-stdlib-jdk8-1.6.21.jar;D:\environment\maven\maven-repository\org\jetbrains\kotlin\kotlin-stdlib\1.6.21\kotlin-stdlib-1.6.21.jar;D:\environment\maven\maven-repository\org\jetbrains\kotlin\kotlin-stdlib-common\1.6.21\kotlin-stdlib-common-1.6.21.jar;D:\environment\maven\maven-repository\org\jetbrains\annotations\13.0\annotations-13.0.jar;D:\environment\maven\maven-repository\org\jetbrains\kotlin\kotlin-stdlib-jdk7\1.6.21\kotlin-stdlib-jdk7-1.6.21.jar;D:\environment\maven\maven-repository\org\springframework\boot\spring-boot-autoconfigure\2.7.13\spring-boot-autoconfigure-2.7.13.jar;D:\environment\maven\maven-repository\org\springframework\boot\spring-boot-starter-jdbc\2.7.13\spring-boot-starter-jdbc-2.7.13.jar;D:\environment\maven\maven-repository\com\zaxxer\HikariCP\4.0.3\HikariCP-4.0.3.jar;D:\environment\maven\maven-repository\org\springframework\spring-jdbc\5.3.28\spring-jdbc-5.3.28.jar;D:\environment\maven\maven-repository\org\springframework\spring-tx\5.3.28\spring-tx-5.3.28.jar;D:\environment\maven\maven-repository\cn\hutool\hutool-all\5.8.12\hutool-all-5.8.12.jar;D:\environment\maven\maven-repository\org\projectlombok\lombok\1.18.28\lombok-1.18.28.jar;D:\environment\maven\maven-repository\org\springframework\boot\spring-boot-starter-validation\2.7.13\spring-boot-starter-validation-2.7.13.jar;D:\environment\maven\maven-repository\org\apache\tomcat\embed\tomcat-embed-el\9.0.76\tomcat-embed-el-9.0.76.jar;D:\environment\maven\maven-repository\org\hibernate\validator\hibernate-validator\6.2.5.Final\hibernate-validator-6.2.5.Final.jar;D:\environment\maven\maven-repository\jakarta\validation\jakarta.validation-api\2.0.2\jakarta.validation-api-2.0.2.jar;D:\environment\maven\maven-repository\org\jboss\logging\jboss-logging\3.4.3.Final\jboss-logging-3.4.3.Final.jar;D:\environment\maven\maven-repository\org\springframework\boot\spring-boot-starter-aop\2.7.13\spring-boot-starter-aop-2.7.13.jar;D:\environment\maven\maven-repository\org\springframework\spring-aop\5.3.28\spring-aop-5.3.28.jar;D:\environment\maven\maven-repository\org\aspectj\aspectjweaver\1.9.7\aspectjweaver-1.9.7.jar;D:\environment\maven\maven-repository\io\springfox\springfox-swagger2\2.9.2\springfox-swagger2-2.9.2.jar;D:\environment\maven\maven-repository\io\swagger\swagger-annotations\1.5.20\swagger-annotations-1.5.20.jar;D:\environment\maven\maven-repository\io\swagger\swagger-models\1.5.20\swagger-models-1.5.20.jar;D:\environment\maven\maven-repository\com\fasterxml\jackson\core\jackson-annotations\2.13.5\jackson-annotations-2.13.5.jar;D:\environment\maven\maven-repository\io\springfox\springfox-spi\2.9.2\springfox-spi-2.9.2.jar;D:\environment\maven\maven-repository\io\springfox\springfox-core\2.9.2\springfox-core-2.9.2.jar;D:\environment\maven\maven-repository\io\springfox\springfox-schema\2.9.2\springfox-schema-2.9.2.jar;D:\environment\maven\maven-repository\io\springfox\springfox-swagger-common\2.9.2\springfox-swagger-common-2.9.2.jar;D:\environment\maven\maven-repository\io\springfox\springfox-spring-web\2.9.2\springfox-spring-web-2.9.2.jar;D:\environment\maven\maven-repository\com\google\guava\guava\20.0\guava-20.0.jar;D:\environment\maven\maven-repository\com\fasterxml\classmate\1.5.1\classmate-1.5.1.jar;D:\environment\maven\maven-repository\org\slf4j\slf4j-api\1.7.36\slf4j-api-1.7.36.jar;D:\environment\maven\maven-repository\org\springframework\plugin\spring-plugin-core\1.2.0.RELEASE\spring-plugin-core-1.2.0.RELEASE.jar;D:\environment\maven\maven-repository\org\springframework\plugin\spring-plugin-metadata\1.2.0.RELEASE\spring-plugin-metadata-1.2.0.RELEASE.jar;D:\environment\maven\maven-repository\org\mapstruct\mapstruct\1.2.0.Final\mapstruct-1.2.0.Final.jar;D:\environment\maven\maven-repository\io\springfox\springfox-swagger-ui\2.9.2\springfox-swagger-ui-2.9.2.jar;D:\environment\maven\maven-repository\com\aliyun\oss\aliyun-sdk-oss\3.15.1\aliyun-sdk-oss-3.15.1.jar;D:\environment\maven\maven-repository\org\apache\httpcomponents\httpclient\4.5.14\httpclient-4.5.14.jar;D:\environment\maven\maven-repository\org\apache\httpcomponents\httpcore\4.4.16\httpcore-4.4.16.jar;D:\environment\maven\maven-repository\commons-codec\commons-codec\1.15\commons-codec-1.15.jar;D:\environment\maven\maven-repository\org\jdom\jdom2\2.0.6.1\jdom2-2.0.6.1.jar;D:\environment\maven\maven-repository\org\codehaus\jettison\jettison\1.1\jettison-1.1.jar;D:\environment\maven\maven-repository\stax\stax-api\1.0.1\stax-api-1.0.1.jar;D:\environment\maven\maven-repository\com\aliyun\aliyun-java-sdk-core\4.5.10\aliyun-java-sdk-core-4.5.10.jar;D:\environment\maven\maven-repository\com\google\code\gson\gson\2.9.1\gson-2.9.1.jar;D:\environment\maven\maven-repository\commons-logging\commons-logging\1.2\commons-logging-1.2.jar;D:\environment\maven\maven-repository\javax\xml\bind\jaxb-api\2.3.1\jaxb-api-2.3.1.jar;D:\environment\maven\maven-repository\javax\activation\javax.activation-api\1.2.0\javax.activation-api-1.2.0.jar;D:\environment\maven\maven-repository\org\jacoco\org.jacoco.agent\0.8.5\org.jacoco.agent-0.8.5-runtime.jar;D:\environment\maven\maven-repository\org\ini4j\ini4j\0.5.4\ini4j-0.5.4.jar;D:\environment\maven\maven-repository\io\opentracing\opentracing-api\0.33.0\opentracing-api-0.33.0.jar;D:\environment\maven\maven-repository\io\opentracing\opentracing-util\0.33.0\opentracing-util-0.33.0.jar;D:\environment\maven\maven-repository\io\opentracing\opentracing-noop\0.33.0\opentracing-noop-0.33.0.jar;D:\environment\maven\maven-repository\com\aliyun\aliyun-java-sdk-ram\3.1.0\aliyun-java-sdk-ram-3.1.0.jar;D:\environment\maven\maven-repository\com\aliyun\aliyun-java-sdk-kms\2.11.0\aliyun-java-sdk-kms-2.11.0.jar;D:\environment\maven\maven-repository\org\springframework\boot\spring-boot-configuration-processor\2.7.13\spring-boot-configuration-processor-2.7.13.jar;"/>
    <property name="sun.cpu.endian" value="little"/>
    <property name="user.home" value="C:\Users\胡杨烽"/>
    <property name="user.language" value="zh"/>
    <property name="java.specification.vendor" value="Oracle Corporation"/>
    <property name="java.home" value="C:\Program Files\Java\jdk1.8.0_241\jre"/>
    <property name="basedir" value="F:\test\demo"/>
    <property name="file.separator" value="\"/>
    <property name="line.separator" value="&#10;"/>
    <property name="java.vm.specification.vendor" value="Oracle Corporation"/>
    <property name="java.specification.name" value="Java Platform API Specification"/>
    <property name="java.awt.graphicsenv" value="sun.awt.Win32GraphicsEnvironment"/>
    <property name="surefire.real.class.path" value="C:\Users\胡杨烽\AppData\Local\Temp\surefire278052360461592199\surefirebooter6359624285375374190.jar"/>
    <property name="sun.boot.class.path" value="C:\Program Files\Java\jdk1.8.0_241\jre\lib\resources.jar;C:\Program Files\Java\jdk1.8.0_241\jre\lib\rt.jar;C:\Program Files\Java\jdk1.8.0_241\jre\lib\sunrsasign.jar;C:\Program Files\Java\jdk1.8.0_241\jre\lib\jsse.jar;C:\Program Files\Java\jdk1.8.0_241\jre\lib\jce.jar;C:\Program Files\Java\jdk1.8.0_241\jre\lib\charsets.jar;C:\Program Files\Java\jdk1.8.0_241\jre\lib\jfr.jar;C:\Program Files\Java\jdk1.8.0_241\jre\classes"/>
    <property name="user.script" value=""/>
    <property name="sun.management.compiler" value="HotSpot 64-Bit Tiered Compilers"/>
    <property name="java.runtime.version" value="1.8.0_241-b07"/>
    <property name="user.name" value="胡杨烽"/>
    <property name="path.separator" value=";"/>
    <property name="os.version" value="10.0"/>
    <property name="java.endorsed.dirs" value="C:\Program Files\Java\jdk1.8.0_241\jre\lib\endorsed"/>
    <property name="java.runtime.name" value="Java(TM) SE Runtime Environment"/>
    <property name="file.encoding" value="GBK"/>
    <property name="java.vm.name" value="Java HotSpot(TM) 64-Bit Server VM"/>
    <property name="localRepository" value="D:\environment\maven\maven-repository"/>
    <property name="java.vendor.url.bug" value="http://bugreport.sun.com/bugreport/"/>
    <property name="java.io.tmpdir" value="C:\Users\胡杨烽\AppData\Local\Temp\"/>
    <property name="idea.version" value="2022.3.3"/>
    <property name="java.version" value="1.8.0_241"/>
    <property name="user.dir" value="F:\test\demo"/>
    <property name="os.arch" value="amd64"/>
    <property name="java.vm.specification.name" value="Java Virtual Machine Specification"/>
    <property name="java.awt.printerjob" value="sun.awt.windows.WPrinterJob"/>
    <property name="sun.os.patch.level" value=""/>
    <property name="java.library.path" value="C:\Program Files\Java\jdk1.8.0_241\jre\bin;C:\Windows\Sun\Java\bin;C:\Windows\system32;C:\Windows;D:\VMware\bin\;D:\nodejs\node_modules;D:\nodejs\;C:\Program Files (x86)\Common Files\Oracle\Java\javapath;C:\Windows\system32;C:\Windows;C:\Windows\System32\Wbem;C:\Windows\System32\WindowsPowerShell\v1.0\;C:\Windows\System32\OpenSSH\;C:\Program Files\Java\jdk1.8.0_241\bin;D:\MySQL\mysql-8.0.23-winx64\bin;D:\MySQL\mysql-8.0.23-winx64\bin;F:\Git\cmd;D:\Microsoft VS Code\bin;D:\XShell\;D:\XFtp\;F:\Git\Git\cmd;D:\environment\maven\apache-maven-3.8.1\bin;D:\nodejs\node_global;C:\Users\胡杨烽\AppData\Local\Microsoft\WindowsApps;C:\Users\胡杨烽\AppData\Local\JetBrains\Toolbox\scripts;."/>
    <property name="java.vm.info" value="mixed mode"/>
    <property name="java.vendor" value="Oracle Corporation"/>
    <property name="java.vm.version" value="25.241-b07"/>
    <property name="java.ext.dirs" value="C:\Program Files\Java\jdk1.8.0_241\jre\lib\ext;C:\Windows\Sun\Java\lib\ext"/>
    <property name="sun.io.unicode.encoding" value="UnicodeLittle"/>
    <property name="maven.repo.local" value="D:\environment\maven\maven-repository"/>
    <property name="java.class.version" value="52.0"/>
  </properties>
  <testcase name="t1" classname="com.hyf.demo.DemoApplicationTests" time="0.203">
    <error message="No value present" type="java.util.NoSuchElementException">java.util.NoSuchElementException: No value present
	at com.hyf.demo.DemoApplicationTests.t1(DemoApplicationTests.java:30)
</error>
    <system-out><![CDATA[09:44:15.990 [main] DEBUG org.springframework.test.context.BootstrapUtils - Instantiating CacheAwareContextLoaderDelegate from class [org.springframework.test.context.cache.DefaultCacheAwareContextLoaderDelegate]
09:44:16.000 [main] DEBUG org.springframework.test.context.BootstrapUtils - Instantiating BootstrapContext using constructor [public org.springframework.test.context.support.DefaultBootstrapContext(java.lang.Class,org.springframework.test.context.CacheAwareContextLoaderDelegate)]
09:44:16.032 [main] DEBUG org.springframework.test.context.BootstrapUtils - Instantiating TestContextBootstrapper for test class [com.hyf.demo.DemoApplicationTests] from class [org.springframework.boot.test.context.SpringBootTestContextBootstrapper]
09:44:16.041 [main] INFO org.springframework.boot.test.context.SpringBootTestContextBootstrapper - Neither @ContextConfiguration nor @ContextHierarchy found for test class [com.hyf.demo.DemoApplicationTests], using SpringBootContextLoader
09:44:16.044 [main] DEBUG org.springframework.test.context.support.AbstractContextLoader - Did not detect default resource location for test class [com.hyf.demo.DemoApplicationTests]: class path resource [com/hyf/demo/DemoApplicationTests-context.xml] does not exist
09:44:16.045 [main] DEBUG org.springframework.test.context.support.AbstractContextLoader - Did not detect default resource location for test class [com.hyf.demo.DemoApplicationTests]: class path resource [com/hyf/demo/DemoApplicationTestsContext.groovy] does not exist
09:44:16.045 [main] INFO org.springframework.test.context.support.AbstractContextLoader - Could not detect default resource locations for test class [com.hyf.demo.DemoApplicationTests]: no resource found for suffixes {-context.xml, Context.groovy}.
09:44:16.045 [main] INFO org.springframework.test.context.support.AnnotationConfigContextLoaderUtils - Could not detect default configuration classes for test class [com.hyf.demo.DemoApplicationTests]: DemoApplicationTests does not declare any static, non-private, non-final, nested classes annotated with @Configuration.
09:44:16.078 [main] DEBUG org.springframework.test.context.support.ActiveProfilesUtils - Could not find an 'annotation declaring class' for annotation type [org.springframework.test.context.ActiveProfiles] and class [com.hyf.demo.DemoApplicationTests]
09:44:16.141 [main] DEBUG org.springframework.context.annotation.ClassPathScanningCandidateComponentProvider - Identified candidate component class: file [F:\test\demo\target\classes\com\hyf\demo\DemoApplication.class]
09:44:16.148 [main] INFO org.springframework.boot.test.context.SpringBootTestContextBootstrapper - Found @SpringBootConfiguration com.hyf.demo.DemoApplication for test class com.hyf.demo.DemoApplicationTests
09:44:16.272 [main] DEBUG org.springframework.boot.test.context.SpringBootTestContextBootstrapper - @TestExecutionListeners is not present for class [com.hyf.demo.DemoApplicationTests]: using defaults.
09:44:16.273 [main] INFO org.springframework.boot.test.context.SpringBootTestContextBootstrapper - Loaded default TestExecutionListener class names from location [META-INF/spring.factories]: [org.springframework.boot.test.mock.mockito.MockitoTestExecutionListener, org.springframework.boot.test.mock.mockito.ResetMocksTestExecutionListener, org.springframework.boot.test.autoconfigure.restdocs.RestDocsTestExecutionListener, org.springframework.boot.test.autoconfigure.web.client.MockRestServiceServerResetTestExecutionListener, org.springframework.boot.test.autoconfigure.web.servlet.MockMvcPrintOnlyOnFailureTestExecutionListener, org.springframework.boot.test.autoconfigure.web.servlet.WebDriverTestExecutionListener, org.springframework.boot.test.autoconfigure.webservices.client.MockWebServiceServerTestExecutionListener, org.springframework.test.context.web.ServletTestExecutionListener, org.springframework.test.context.support.DirtiesContextBeforeModesTestExecutionListener, org.springframework.test.context.event.ApplicationEventsTestExecutionListener, org.springframework.test.context.support.DependencyInjectionTestExecutionListener, org.springframework.test.context.support.DirtiesContextTestExecutionListener, org.springframework.test.context.transaction.TransactionalTestExecutionListener, org.springframework.test.context.jdbc.SqlScriptsTestExecutionListener, org.springframework.test.context.event.EventPublishingTestExecutionListener]
09:44:16.295 [main] INFO org.springframework.boot.test.context.SpringBootTestContextBootstrapper - Using TestExecutionListeners: [org.springframework.test.context.web.ServletTestExecutionListener@71075444, org.springframework.test.context.support.DirtiesContextBeforeModesTestExecutionListener@4f32a3ad, org.springframework.test.context.event.ApplicationEventsTestExecutionListener@6b695b06, org.springframework.boot.test.mock.mockito.MockitoTestExecutionListener@4d1bf319, org.springframework.boot.test.autoconfigure.SpringBootDependencyInjectionTestExecutionListener@6f53b8a, org.springframework.test.context.support.DirtiesContextTestExecutionListener@5c80cf32, org.springframework.test.context.transaction.TransactionalTestExecutionListener@7d900ecf, org.springframework.test.context.jdbc.SqlScriptsTestExecutionListener@6f01b95f, org.springframework.test.context.event.EventPublishingTestExecutionListener@4007f65e, org.springframework.boot.test.mock.mockito.ResetMocksTestExecutionListener@1a245833, org.springframework.boot.test.autoconfigure.restdocs.RestDocsTestExecutionListener@673fdbce, org.springframework.boot.test.autoconfigure.web.client.MockRestServiceServerResetTestExecutionListener@5965d37, org.springframework.boot.test.autoconfigure.web.servlet.MockMvcPrintOnlyOnFailureTestExecutionListener@7a5ceedd, org.springframework.boot.test.autoconfigure.web.servlet.WebDriverTestExecutionListener@4201c465, org.springframework.boot.test.autoconfigure.webservices.client.MockWebServiceServerTestExecutionListener@5b799640]
09:44:16.298 [main] DEBUG org.springframework.test.context.support.AbstractDirtiesContextTestExecutionListener - Before test class: context [DefaultTestContext@6e535154 testClass = DemoApplicationTests, testInstance = [null], testMethod = [null], testException = [null], mergedContextConfiguration = [WebMergedContextConfiguration@15a34df2 testClass = DemoApplicationTests, locations = '{}', classes = '{class com.hyf.demo.DemoApplication}', contextInitializerClasses = '[]', activeProfiles = '{}', propertySourceLocations = '{}', propertySourceProperties = '{org.springframework.boot.test.context.SpringBootTestContextBootstrapper=true}', contextCustomizers = set[org.springframework.boot.test.context.filter.ExcludeFilterContextCustomizer@7f0eb4b4, org.springframework.boot.test.json.DuplicateJsonObjectContextCustomizerFactory$DuplicateJsonObjectContextCustomizer@4550bb58, org.springframework.boot.test.mock.mockito.MockitoContextCustomizer@0, org.springframework.boot.test.web.client.TestRestTemplateContextCustomizer@38d8f54a, org.springframework.boot.test.autoconfigure.actuate.metrics.MetricsExportContextCustomizerFactory$DisableMetricExportContextCustomizer@18078bef, org.springframework.boot.test.autoconfigure.properties.PropertyMappingContextCustomizer@0, org.springframework.boot.test.autoconfigure.web.servlet.WebDriverContextCustomizerFactory$Customizer@235834f2, org.springframework.boot.test.context.SpringBootTestArgs@1, org.springframework.boot.test.context.SpringBootTestWebEnvironment@4dfa3a9d], resourceBasePath = 'src/main/webapp', contextLoader = 'org.springframework.boot.test.context.SpringBootContextLoader', parent = [null]], attributes = map['org.springframework.test.context.web.ServletTestExecutionListener.activateListener' -> true]], class annotated with @DirtiesContext [false] with mode [null].

  .   ____          _            __ _ _
 /\\ / ___'_ __ _ _(_)_ __  __ _ \ \ \ \
( ( )\___ | '_ | '_| | '_ \/ _` | \ \ \ \
 \\/  ___)| |_)| | | | | || (_| |  ) ) ) )
  '  |____| .__|_| |_|_| |_\__, | / / / /
 =========|_|==============|___/=/_/_/_/
 :: Spring Boot ::               (v2.7.13)

2023-07-17 09:44:16.610  INFO 10264 --- [           main] com.hyf.demo.DemoApplicationTests        : Starting DemoApplicationTests using Java 1.8.0_241 on DESKTOP-7OIGAOB with PID 10264 (started by 胡杨烽 in F:\test\demo)
2023-07-17 09:44:16.612  INFO 10264 --- [           main] com.hyf.demo.DemoApplicationTests        : No active profile set, falling back to 1 default profile: "default"
Logging initialized using 'class org.apache.ibatis.logging.stdout.StdOutImpl' adapter.
Parsed mapper file: 'file [F:\test\demo\target\classes\mapper\SysLogMapper.xml]'
Parsed mapper file: 'file [F:\test\demo\target\classes\mapper\UserMapper.xml]'
 _ _   |_  _ _|_. ___ _ |    _ 
| | |\/|_)(_| | |_\  |_)||_|_\ 
     /               |         
                        3.5.2 
2023-07-17 09:44:19.435  INFO 10264 --- [           main] pertySourcedRequestMappingHandlerMapping : Mapped URL path [/v2/api-docs] onto method [springfox.documentation.swagger2.web.Swagger2Controller#getDocumentation(String, HttpServletRequest)]
2023-07-17 09:44:20.055  INFO 10264 --- [           main] d.s.w.p.DocumentationPluginsBootstrapper : Context refreshed
2023-07-17 09:44:20.076  INFO 10264 --- [           main] d.s.w.p.DocumentationPluginsBootstrapper : Found 1 custom documentation plugin(s)
2023-07-17 09:44:20.104  INFO 10264 --- [           main] s.d.s.w.s.ApiListingReferenceScanner     : Scanning for api listing references
2023-07-17 09:44:20.285  INFO 10264 --- [           main] com.hyf.demo.DemoApplicationTests        : Started DemoApplicationTests in 3.953 seconds (JVM running for 4.88)
2023-07-17 09:44:20.484  INFO 10264 --- [           main] com.hyf.demo.DemoApplicationTests        : empty,Optional.empty
2023-07-17 09:44:20.484  INFO 10264 --- [           main] com.hyf.demo.DemoApplicationTests        : of,of
]]></system-out>
  </testcase>
  <testcase name="contextLoads" classname="com.hyf.demo.DemoApplicationTests" time="0.003"/>
</testsuite>